G:\SAFECONTAINER\SAFECONTAINER\DEBUG\SAFECONTAINER.PCH
G:\SAFECONTAINER\SAFECONTAINER\DEBUG\STDAFX.OBJ
G:\SAFECONTAINER\SAFECONTAINER\DEBUG\VC110.PDB
G:\SAFECONTAINER\SAFECONTAINER\DEBUG\SAFECONTAINER.OBJ
G:\SAFECONTAINER\DEBUG\SAFECONTAINER.ILK
G:\SAFECONTAINER\DEBUG\SAFECONTAINER.EXE
G:\SAFECONTAINER\DEBUG\SAFECONTAINER.PDB
G:\SafeContainer\SafeContainer\Debug\dllmain.obj
G:\SafeContainer\SafeContainer\Debug\stdafx.obj
G:\SafeContainer\SafeContainer\Debug\cl.command.1.tlog
G:\SafeContainer\SafeContainer\Debug\CL.read.1.tlog
G:\SafeContainer\SafeContainer\Debug\CL.write.1.tlog
G:\SafeContainer\SafeContainer\Debug\link-cvtres.read.1.tlog
G:\SafeContainer\SafeContainer\Debug\link-cvtres.write.1.tlog
G:\SafeContainer\SafeContainer\Debug\link-rc.read.1.tlog
G:\SafeContainer\SafeContainer\Debug\link-rc.write.1.tlog
G:\SafeContainer\SafeContainer\Debug\link.11784-cvtres.read.1.tlog
G:\SafeContainer\SafeContainer\Debug\link.11784-cvtres.write.1.tlog
G:\SafeContainer\SafeContainer\Debug\link.11784-rc.read.1.tlog
G:\SafeContainer\SafeContainer\Debug\link.11784-rc.write.1.tlog
G:\SafeContainer\SafeContainer\Debug\link.11784.read.1.tlog
G:\SafeContainer\SafeContainer\Debug\link.11784.write.1.tlog
G:\SafeContainer\SafeContainer\Debug\link.12668-cvtres.read.1.tlog
G:\SafeContainer\SafeContainer\Debug\link.12668-cvtres.write.1.tlog
G:\SafeContainer\SafeContainer\Debug\link.12668-rc.read.1.tlog
G:\SafeContainer\SafeContainer\Debug\link.12668-rc.write.1.tlog
G:\SafeContainer\SafeContainer\Debug\link.12668.read.1.tlog
G:\SafeContainer\SafeContainer\Debug\link.12668.write.1.tlog
G:\SafeContainer\SafeContainer\Debug\link.888-cvtres.read.1.tlog
G:\SafeContainer\SafeContainer\Debug\link.888-cvtres.write.1.tlog
G:\SafeContainer\SafeContainer\Debug\link.888-rc.read.1.tlog
G:\SafeContainer\SafeContainer\Debug\link.888-rc.write.1.tlog
G:\SafeContainer\SafeContainer\Debug\link.888.read.1.tlog
G:\SafeContainer\SafeContainer\Debug\link.888.write.1.tlog
G:\SafeContainer\SafeContainer\Debug\link.command.1.tlog
G:\SafeContainer\SafeContainer\Debug\link.read.1.tlog
G:\SafeContainer\SafeContainer\Debug\link.write.1.tlog
G:\SafeContainer\SafeContainer\Debug\SafeContainer.pch
G:\SafeContainer\SafeContainer\Debug\vc110.idb
G:\SafeContainer\SafeContainer\Debug\vc110.pdb
G:\SafeContainer\Debug\SafeContainer.pdb
G:\SafeContainer\Debug\SafeContainer.exe
G:\SafeContainer\Debug\SafeContainer.ilk
